Build started 2/3/2015 6:45:56 PM.
     1>Project "C:\Users\jsizemore\Music\ProjectEuler\ProjectEuler\ProjectEuler.vcxproj" on node 2 (Build target(s)).
     1>ClCompile:
         C:\Program Files (x86)\Microsoft Visual Studio 12.0\VC\bin\CL.exe /c /ZI /nologo /W3 /WX- /sdl /Od /Oy- /D _MBCS /Gm /EHsc /RTC1 /MDd /GS /fp:precise /Zc:wchar_t /Zc:forScope /Fo"Debug\\" /Fd"Debug\vc120.pdb" /Gd /TP /analyze- /errorReport:prompt Euler.cpp P1.cpp P2.cpp P3.cpp P4.cpp P5.cpp P6.cpp P7.cpp P8.cpp Primes.cpp
         Primes.cpp
         P8.cpp
         P7.cpp
         P6.cpp
         P5.cpp
         P4.cpp
         P3.cpp
         P2.cpp
         P1.cpp
         Euler.cpp
         Generating Code...
       Link:
         C:\Program Files (x86)\Microsoft Visual Studio 12.0\VC\bin\link.exe /ERRORREPORT:PROMPT /OUT:"C:\Users\jsizemore\Music\ProjectEuler\Debug\ProjectEuler.exe" /INCREMENTAL /NOLOGO kernel32.lib user32.lib gdi32.lib winspool.lib comdlg32.lib advapi32.lib shell32.lib ole32.lib oleaut32.lib uuid.lib odbc32.lib odbccp32.lib /MANIFEST /MANIFESTUAC:"level='asInvoker' uiAccess='false'" /manifest:embed /DEBUG /PDB:"C:\Users\jsizemore\Music\ProjectEuler\Debug\ProjectEuler.pdb" /TLBID:1 /DYNAMICBASE /NXCOMPAT /IMPLIB:"C:\Users\jsizemore\Music\ProjectEuler\Debug\ProjectEuler.lib" /MACHINE:X86 Debug\Euler.obj
         Debug\P1.obj
         Debug\P2.obj
         Debug\P3.obj
         Debug\P4.obj
         Debug\P5.obj
         Debug\P6.obj
         Debug\P7.obj
         Debug\P8.obj
         Debug\Primes.obj
         ProjectEuler.vcxproj -> C:\Users\jsizemore\Music\ProjectEuler\Debug\ProjectEuler.exe
     1>Done Building Project "C:\Users\jsizemore\Music\ProjectEuler\ProjectEuler\ProjectEuler.vcxproj" (Build target(s)).

Build succeeded.

Time Elapsed 00:00:02.89
