c:\users\jsizemore\music\projecteuler\projecteuler\debug\vc120.pdb
c:\users\jsizemore\music\projecteuler\projecteuler\debug\vc120.idb
c:\users\jsizemore\music\projecteuler\projecteuler\debug\biginteger.obj
c:\users\jsizemore\music\projecteuler\projecteuler\debug\euler.obj
c:\users\jsizemore\music\projecteuler\projecteuler\debug\p1.obj
c:\users\jsizemore\music\projecteuler\projecteuler\debug\p10.obj
c:\users\jsizemore\music\projecteuler\projecteuler\debug\p11.obj
c:\users\jsizemore\music\projecteuler\projecteuler\debug\p12.obj
c:\users\jsizemore\music\projecteuler\projecteuler\debug\p13.obj
c:\users\jsizemore\music\projecteuler\projecteuler\debug\p14.obj
c:\users\jsizemore\music\projecteuler\projecteuler\debug\p15.obj
c:\users\jsizemore\music\projecteuler\projecteuler\debug\p16.obj
c:\users\jsizemore\music\projecteuler\projecteuler\debug\p17.obj
c:\users\jsizemore\music\projecteuler\projecteuler\debug\p2.obj
c:\users\jsizemore\music\projecteuler\projecteuler\debug\p3.obj
c:\users\jsizemore\music\projecteuler\projecteuler\debug\p4.obj
c:\users\jsizemore\music\projecteuler\projecteuler\debug\p5.obj
c:\users\jsizemore\music\projecteuler\projecteuler\debug\p6.obj
c:\users\jsizemore\music\projecteuler\projecteuler\debug\p7.obj
c:\users\jsizemore\music\projecteuler\projecteuler\debug\p8.obj
c:\users\jsizemore\music\projecteuler\projecteuler\debug\p9.obj
c:\users\jsizemore\music\projecteuler\projecteuler\debug\primes.obj
c:\users\jsizemore\music\projecteuler\debug\projecteuler.ilk
c:\users\jsizemore\music\projecteuler\debug\projecteuler.exe
c:\users\jsizemore\music\projecteuler\debug\projecteuler.pdb
c:\users\jsizemore\music\projecteuler\projecteuler\debug\projecteuler.tlog\cl.command.1.tlog
c:\users\jsizemore\music\projecteuler\projecteuler\debug\projecteuler.tlog\cl.read.1.tlog
c:\users\jsizemore\music\projecteuler\projecteuler\debug\projecteuler.tlog\cl.write.1.tlog
c:\users\jsizemore\music\projecteuler\projecteuler\debug\projecteuler.tlog\link.command.1.tlog
c:\users\jsizemore\music\projecteuler\projecteuler\debug\projecteuler.tlog\link.read.1.tlog
c:\users\jsizemore\music\projecteuler\projecteuler\debug\projecteuler.tlog\link.write.1.tlog
